<?xml version="1.0" encoding="UTF-8"?>
<!-- Generated by org.testng.reporters.JUnitXMLReporter -->
<testsuite ignored="0" hostname="DESKTOP-MCFBCL3" failures="0" tests="5" name="Default test" time="74.347" errors="0" timestamp="2025-10-05T19:11:32 GST">
  <testcase classname="com.uask.tests.ChatAPITest" name="tc01VerifyHelpfulResponse" time="10.534"/>
  <testcase classname="com.uask.tests.ChatAPITest" name="tc02VerifyNoHallucination" time="5.7"/>
  <testcase classname="com.uask.tests.ChatAPITest" name="tc03VerifyResponseConsistencyAcrossLanguages" time="10.208"/>
  <testcase classname="com.uask.tests.ChatAPITest" name="tc04VerifyCleanFormatting" time="0.603"/>
  <testcase classname="com.uask.tests.ChatAPITest" name="tc05VerifyFallbackMessage" time="6.908"/>
</testsuite> <!-- Default test -->
