<?xml version="1.0" encoding="UTF-8"?>
<!-- Generated by org.testng.reporters.JUnitXMLReporter -->
<testsuite ignored="2" hostname="DESKTOP-MCFBCL3" failures="0" tests="4" name="UIAutomation" time="291.172" errors="0" timestamp="2025-10-04T15:51:02 GST">
  <testcase classname="com.uask.tests.ChatUITest" name="tc01VerifyChatWidgetLoadsOnDesktop" time="8.738"/>
  <testcase classname="com.uask.tests.ChatUITest" name="tc02VerifyChatWidgetLoadsOnDevice" time="12.491"/>
  <testcase classname="com.uask.tests.ChatUITest" name="tc03VerifyUserCanSendMessage" time="22.05"/>
  <testcase classname="com.uask.tests.ChatUITest" name="tc04VerifyAIResponsesRendered" time="22.75"/>
  <testcase classname="com.uask.base.BaseTest" name="@BeforeSuite setupReport" time="0.0">
    <ignored/>
  </testcase> <!-- @BeforeSuite setupReport -->
  <testcase classname="com.uask.base.BaseTest" name="@AfterSuite tearDownReport" time="0.0">
    <ignored/>
  </testcase> <!-- @AfterSuite tearDownReport -->
</testsuite> <!-- UIAutomation -->
