<?xml version="1.0" encoding="UTF-8"?>
<!-- Generated by org.testng.reporters.JUnitXMLReporter -->
<testsuite ignored="2" hostname="DESKTOP-MCFBCL3" failures="1" tests="9" name="UIAutomation" time="256.26" errors="0" timestamp="2025-10-01T22:42:08 GST">
  <testcase classname="com.uask.tests.ChatUITest" name="tc01VerifyChatWidgetLoadsOnDesktop" time="4.821"/>
  <testcase classname="com.uask.tests.ChatUITest" name="tc02VerifyChatWidgetLoadsOnDevice" time="5.475"/>
  <testcase classname="com.uask.tests.ChatUITest" name="tc03VerifyUserCanSendMessage" time="29.563"/>
  <testcase classname="com.uask.tests.ChatUITest" name="tc04VerifyAIResponsesRendered" time="24.985"/>
  <testcase classname="com.uask.tests.ChatUITest" name="tc05VerifyMultilingualSupport" time="45.014">
    <failure type="java.lang.AssertionError" message="User not able see to RTL (Arabic) response">
      <![CDATA[java.lang.AssertionError: User not able see to RTL (Arabic) response
at utils.Log.assertThat(Log.java:139)
at com.uask.tests.ChatUITest.tc05VerifyMultilingualSupport(ChatUITest.java:127)
at java.base/java.util.ArrayList.forEach(ArrayList.java:1596)
... Removed 26 stack frames]]>
    </failure>
  </testcase> <!-- tc05VerifyMultilingualSupport -->
  <testcase classname="com.uask.tests.ChatUITest" name="tc06VerifyInputClearedAfterSend" time="5.632"/>
  <testcase classname="com.uask.tests.ChatUITest" name="tc07VerifyScrollAndAccessibility" time="60.238"/>
  <testcase classname="com.uask.tests.ChatSecurityInjectionHandlingTest" name="tc01VerifyChatInputSanitization" time="8.436"/>
  <testcase classname="com.uask.tests.ChatSecurityInjectionHandlingTest" name="tc02VerifyAIIgnoresMaliciousPrompts" time="8.774"/>
  <testcase classname="com.uask.base.BaseTest" name="@AfterSuite tearDownReport" time="0.0">
    <ignored/>
  </testcase> <!-- @AfterSuite tearDownReport -->
  <testcase classname="com.uask.base.BaseTest" name="@BeforeSuite setupReport" time="0.0">
    <ignored/>
  </testcase> <!-- @BeforeSuite setupReport -->
</testsuite> <!-- UIAutomation -->
