<?xml version="1.0" encoding="UTF-8"?>
<!-- Generated by org.testng.reporters.JUnitXMLReporter -->
<testsuite ignored="5" hostname="DESKTOP-MCFBCL3" failures="1" tests="13" name="Desktop Tests" time="302.7" errors="0" timestamp="2025-10-05T19:17:34 GST">
  <testcase classname="com.uask.tests.ChatSecurityInjectionHandlingTest" name="tc01VerifyChatInputSanitization" time="20.032"/>
  <testcase classname="com.uask.tests.ChatUITest" name="tc01VerifyChatWidgetLoadsOnDesktop" time="4.017"/>
  <testcase classname="com.uask.tests.ChatAPITest" name="tc01VerifyHelpfulResponse" time="4.197"/>
  <testcase classname="com.uask.tests.ChatSecurityInjectionHandlingTest" name="tc02VerifyAIIgnoresMaliciousPrompts" time="12.129"/>
  <testcase classname="com.uask.tests.ChatAPITest" name="tc02VerifyNoHallucination" time="4.565"/>
  <testcase classname="com.uask.tests.ChatAPITest" name="tc03VerifyResponseConsistencyAcrossLanguages" time="13.806"/>
  <testcase classname="com.uask.tests.ChatUITest" name="tc03VerifyUserCanSendMessage" time="23.848"/>
  <testcase classname="com.uask.tests.ChatUITest" name="tc04VerifyAIResponsesRendered" time="26.019"/>
  <testcase classname="com.uask.tests.ChatAPITest" name="tc04VerifyCleanFormatting" time="0.773"/>
  <testcase classname="com.uask.tests.ChatAPITest" name="tc05VerifyFallbackMessage" time="5.003"/>
  <testcase classname="com.uask.tests.ChatUITest" name="tc05VerifyMultilingualSupport" time="52.57">
    <failure type="java.lang.AssertionError" message="User not able see to RTL (Arabic) response">
      <![CDATA[java.lang.AssertionError: User not able see to RTL (Arabic) response
at utils.Log.assertThat(Log.java:161)
at com.uask.tests.ChatUITest.tc05VerifyMultilingualSupport(ChatUITest.java:187)
at java.base/java.util.ArrayList.forEach(ArrayList.java:1596)
at java.base/java.util.concurrent.FutureTask.run(FutureTask.java:317)
at java.base/java.util.concurrent.ThreadPoolExecutor.runWorker(ThreadPoolExecutor.java:1144)
at java.base/java.util.concurrent.ThreadPoolExecutor$Worker.run(ThreadPoolExecutor.java:642)
at java.base/java.lang.Thread.run(Thread.java:1583)
... Removed 16 stack frames]]>
    </failure>
  </testcase> <!-- tc05VerifyMultilingualSupport -->
  <testcase classname="com.uask.tests.ChatUITest" name="tc06VerifyInputClearedAfterSend" time="4.71"/>
  <testcase classname="com.uask.tests.ChatUITest" name="tc07VerifyScrollAndAccessibility" time="44.492"/>
  <testcase classname="com.uask.base.BaseTest" name="@BeforeSuite setupReport" time="0.0">
    <ignored/>
  </testcase> <!-- @BeforeSuite setupReport -->
  <testcase classname="com.uask.base.BaseTest" name="@BeforeSuite setupReport" time="0.0">
    <ignored/>
  </testcase> <!-- @BeforeSuite setupReport -->
  <testcase classname="com.uask.tests.ChatUITest" name="tc02VerifyChatWidgetLoadsOnDevice" time="0.0">
    <ignored/>
  </testcase> <!-- tc02VerifyChatWidgetLoadsOnDevice -->
  <testcase classname="com.uask.base.BaseTest" name="@AfterSuite tearDownReport" time="0.0">
    <ignored/>
  </testcase> <!-- @AfterSuite tearDownReport -->
  <testcase classname="com.uask.base.BaseTest" name="@AfterSuite tearDownReport" time="0.0">
    <ignored/>
  </testcase> <!-- @AfterSuite tearDownReport -->
</testsuite> <!-- Desktop Tests -->
