<?xml version="1.0" encoding="UTF-8"?>
<!-- Generated by org.testng.reporters.JUnitXMLReporter -->
<testsuite ignored="6" hostname="DESKTOP-MCFBCL3" failures="0" tests="1" name="Mobile Tests" time="17.065" errors="0" timestamp="2025-10-05T19:12:48 GST">
  <testcase classname="com.uask.tests.ChatUITest" name="tc02VerifyChatWidgetLoadsOnDevice" time="6.363"/>
  <testcase classname="com.uask.tests.ChatUITest" name="tc04VerifyAIResponsesRendered" time="0.0">
    <ignored/>
  </testcase> <!-- tc04VerifyAIResponsesRendered -->
  <testcase classname="com.uask.tests.ChatUITest" name="tc01VerifyChatWidgetLoadsOnDesktop" time="0.0">
    <ignored/>
  </testcase> <!-- tc01VerifyChatWidgetLoadsOnDesktop -->
  <testcase classname="com.uask.tests.ChatUITest" name="tc03VerifyUserCanSendMessage" time="0.0">
    <ignored/>
  </testcase> <!-- tc03VerifyUserCanSendMessage -->
  <testcase classname="com.uask.tests.ChatUITest" name="tc07VerifyScrollAndAccessibility" time="0.0">
    <ignored/>
  </testcase> <!-- tc07VerifyScrollAndAccessibility -->
  <testcase classname="com.uask.tests.ChatUITest" name="tc06VerifyInputClearedAfterSend" time="0.0">
    <ignored/>
  </testcase> <!-- tc06VerifyInputClearedAfterSend -->
  <testcase classname="com.uask.tests.ChatUITest" name="tc05VerifyMultilingualSupport" time="0.0">
    <ignored/>
  </testcase> <!-- tc05VerifyMultilingualSupport -->
</testsuite> <!-- Mobile Tests -->
